This is pdfTeX, Version 3.141592653-2.6-1.40.26 (TeX Live 2024/Arch Linux) (preloaded format=pdflatex 2024.4.17)  11 MAY 2024 15:59
entering extended mode
 restricted \write18 enabled.
 file:line:error style messages enabled.
 %&-line parsing enabled.
**main.tex
(./main.tex
LaTeX2e <2023-11-01> patch level 1
L3 programming layer <2024-02-20>
(/usr/share/texmf-dist/tex/latex/base/report.cls
Document Class: report 2023/05/17 v1.4n Standard LaTeX document class
(/usr/share/texmf-dist/tex/latex/base/size10.clo
File: size10.clo 2023/05/17 v1.4n Standard LaTeX file (size option)
)
\c@part=\count188
\c@chapter=\count189
\c@section=\count190
\c@subsection=\count191
\c@subsubsection=\count192
\c@paragraph=\count193
\c@subparagraph=\count194
\c@figure=\count195
\c@table=\count196
\abovecaptionskip=\skip48
\belowcaptionskip=\skip49
\bibindent=\dimen140
) (/usr/share/texmf-dist/tex/latex/base/inputenc.sty
Package: inputenc 2021/02/14 v1.3d Input encoding file
\inpenc@prehook=\toks17
\inpenc@posthook=\toks18
) (/usr/share/texmf-dist/tex/latex/graphics/graphicx.sty
Package: graphicx 2021/09/16 v1.2d Enhanced LaTeX Graphics (DPC,SPQR)
 (/usr/share/texmf-dist/tex/latex/graphics/keyval.sty
Package: keyval 2022/05/29 v1.15 key=value parser (DPC)
\KV@toks@=\toks19
) (/usr/share/texmf-dist/tex/latex/graphics/graphics.sty
Package: graphics 2022/03/10 v1.4e Standard LaTeX Graphics (DPC,SPQR)
 (/usr/share/texmf-dist/tex/latex/graphics/trig.sty
Package: trig 2021/08/11 v1.11 sin cos tan (DPC)
) (/usr/share/texmf-dist/tex/latex/graphics-cfg/graphics.cfg
File: graphics.cfg 2016/06/04 v1.11 sample graphics configuration
)
Package graphics Info: Driver file: pdftex.def on input line 107.
 (/usr/share/texmf-dist/tex/latex/graphics-def/pdftex.def
File: pdftex.def 2022/09/22 v1.2b Graphics/color driver for pdftex
))
\Gin@req@height=\dimen141
\Gin@req@width=\dimen142
) (/usr/share/texmf-dist/tex/latex/float/float.sty
Package: float 2001/11/08 v1.3d Float enhancements (AL)
\c@float@type=\count197
\float@exts=\toks20
\float@box=\box51
\@float@everytoks=\toks21
\@floatcapt=\box52
) (/usr/share/texmf-dist/tex/latex/listings/listings.sty
\lst@mode=\count198
\lst@gtempboxa=\box53
\lst@token=\toks22
\lst@length=\count199
\lst@currlwidth=\dimen143
\lst@column=\count266
\lst@pos=\count267
\lst@lostspace=\dimen144
\lst@width=\dimen145
\lst@newlines=\count268
\lst@lineno=\count269
\lst@maxwidth=\dimen146
 (/usr/share/texmf-dist/tex/latex/listings/lstpatch.sty
File: lstpatch.sty 2024/02/21 1.10 (Carsten Heinz)
) (/usr/share/texmf-dist/tex/latex/listings/lstmisc.sty
File: lstmisc.sty 2024/02/21 1.10 (Carsten Heinz)
\c@lstnumber=\count270
\lst@skipnumbers=\count271
\lst@framebox=\box54
) (/usr/share/texmf-dist/tex/latex/listings/listings.cfg
File: listings.cfg 2024/02/21 1.10 listings configuration
))
Package: listings 2024/02/21 1.10 (Carsten Heinz)
 (/usr/share/texmf-dist/tex/latex/hyperref/hyperref.sty
Package: hyperref 2024-01-20 v7.01h Hypertext links for LaTeX
 (/usr/share/texmf-dist/tex/generic/iftex/iftex.sty
Package: iftex 2022/02/03 v1.0f TeX engine tests
) (/usr/share/texmf-dist/tex/latex/kvsetkeys/kvsetkeys.sty
Package: kvsetkeys 2022-10-05 v1.19 Key value parser (HO)
) (/usr/share/texmf-dist/tex/generic/kvdefinekeys/kvdefinekeys.sty
Package: kvdefinekeys 2019-12-19 v1.6 Define keys (HO)
) (/usr/share/texmf-dist/tex/generic/pdfescape/pdfescape.sty
Package: pdfescape 2019/12/09 v1.15 Implements pdfTeX's escape features (HO)
 (/usr/share/texmf-dist/tex/generic/ltxcmds/ltxcmds.sty
Package: ltxcmds 2023-12-04 v1.26 LaTeX kernel commands for general use (HO)
) (/usr/share/texmf-dist/tex/generic/pdftexcmds/pdftexcmds.sty
Package: pdftexcmds 2020-06-27 v0.33 Utility functions of pdfTeX for LuaTeX (HO)
 (/usr/share/texmf-dist/tex/generic/infwarerr/infwarerr.sty
Package: infwarerr 2019/12/03 v1.5 Providing info/warning/error messages (HO)
)
Package pdftexcmds Info: \pdf@primitive is available.
Package pdftexcmds Info: \pdf@ifprimitive is available.
Package pdftexcmds Info: \pdfdraftmode found.
)) (/usr/share/texmf-dist/tex/latex/hycolor/hycolor.sty
Package: hycolor 2020-01-27 v1.10 Color options for hyperref/bookmark (HO)
) (/usr/share/texmf-dist/tex/latex/auxhook/auxhook.sty
Package: auxhook 2019-12-17 v1.6 Hooks for auxiliary files (HO)
) (/usr/share/texmf-dist/tex/latex/hyperref/nameref.sty
Package: nameref 2023-11-26 v2.56 Cross-referencing by name of section
 (/usr/share/texmf-dist/tex/latex/refcount/refcount.sty
Package: refcount 2019/12/15 v3.6 Data extraction from label references (HO)
) (/usr/share/texmf-dist/tex/generic/gettitlestring/gettitlestring.sty
Package: gettitlestring 2019/12/15 v1.6 Cleanup title references (HO)
 (/usr/share/texmf-dist/tex/latex/kvoptions/kvoptions.sty
Package: kvoptions 2022-06-15 v3.15 Key value format for package options (HO)
))
\c@section@level=\count272
) (/usr/share/texmf-dist/tex/latex/etoolbox/etoolbox.sty
Package: etoolbox 2020/10/05 v2.5k e-TeX tools for LaTeX (JAW)
\etb@tempcnta=\count273
)
\@linkdim=\dimen147
\Hy@linkcounter=\count274
\Hy@pagecounter=\count275
 (/usr/share/texmf-dist/tex/latex/hyperref/pd1enc.def
File: pd1enc.def 2024-01-20 v7.01h Hyperref: PDFDocEncoding definition (HO)
Now handling font encoding PD1 ...
... no UTF-8 mapping file for font encoding PD1
) (/usr/share/texmf-dist/tex/generic/intcalc/intcalc.sty
Package: intcalc 2019/12/15 v1.3 Expandable calculations with integers (HO)
)
\Hy@SavedSpaceFactor=\count276
 (/usr/share/texmf-dist/tex/latex/hyperref/puenc.def
File: puenc.def 2024-01-20 v7.01h Hyperref: PDF Unicode definition (HO)
Now handling font encoding PU ...
... no UTF-8 mapping file for font encoding PU
)
Package hyperref Info: Hyper figures OFF on input line 4179.
Package hyperref Info: Link nesting OFF on input line 4184.
Package hyperref Info: Hyper index ON on input line 4187.
Package hyperref Info: Plain pages OFF on input line 4194.
Package hyperref Info: Backreferencing OFF on input line 4199.
Package hyperref Info: Implicit mode ON; LaTeX internals redefined.
Package hyperref Info: Bookmarks ON on input line 4446.
\c@Hy@tempcnt=\count277
 (/usr/share/texmf-dist/tex/latex/url/url.sty
\Urlmuskip=\muskip16
Package: url 2013/09/16  ver 3.4  Verb mode for urls, etc.
)
LaTeX Info: Redefining \url on input line 4784.
\XeTeXLinkMargin=\dimen148
 (/usr/share/texmf-dist/tex/generic/bitset/bitset.sty
Package: bitset 2019/12/09 v1.3 Handle bit-vector datatype (HO)
 (/usr/share/texmf-dist/tex/generic/bigintcalc/bigintcalc.sty
Package: bigintcalc 2019/12/15 v1.5 Expandable calculations on big integers (HO)
))
\Fld@menulength=\count278
\Field@Width=\dimen149
\Fld@charsize=\dimen150
Package hyperref Info: Hyper figures OFF on input line 6063.
Package hyperref Info: Link nesting OFF on input line 6068.
Package hyperref Info: Hyper index ON on input line 6071.
Package hyperref Info: backreferencing OFF on input line 6078.
Package hyperref Info: Link coloring OFF on input line 6083.
Package hyperref Info: Link coloring with OCG OFF on input line 6088.
Package hyperref Info: PDF/A mode OFF on input line 6093.
 (/usr/share/texmf-dist/tex/latex/base/atbegshi-ltx.sty
Package: atbegshi-ltx 2021/01/10 v1.0c Emulation of the original atbegshi
package with kernel methods
)
\Hy@abspage=\count279
\c@Item=\count280
\c@Hfootnote=\count281
)
Package hyperref Info: Driver (autodetected): hpdftex.

(/usr/share/texmf-dist/tex/latex/hyperref/hpdftex.def
File: hpdftex.def 2024-01-20 v7.01h Hyperref driver for pdfTeX
 (/usr/share/texmf-dist/tex/latex/base/atveryend-ltx.sty
Package: atveryend-ltx 2020/08/19 v1.0a Emulation of the original atveryend package
with kernel methods
)
\Fld@listcount=\count282
\c@bookmark@seq@number=\count283
 (/usr/share/texmf-dist/tex/latex/rerunfilecheck/rerunfilecheck.sty
Package: rerunfilecheck 2022-07-10 v1.10 Rerun checks for auxiliary files (HO)
 (/usr/share/texmf-dist/tex/generic/uniquecounter/uniquecounter.sty
Package: uniquecounter 2019/12/15 v1.4 Provide unlimited unique counter (HO)
)
Package uniquecounter Info: New unique counter `rerunfilecheck' on input line 285.
)
\Hy@SectionHShift=\skip50
) (/usr/share/texmf-dist/tex/latex/natbib/natbib.sty
Package: natbib 2010/09/13 8.31b (PWD, AO)
\bibhang=\skip51
\bibsep=\skip52
LaTeX Info: Redefining \cite on input line 694.
\c@NAT@ctr=\count284
) (/usr/share/texmf-dist/tex/latex/underscore/underscore.sty
Package: underscore 2006/09/13
LaTeX Info: Redefining \_ on input line 42.
) (/usr/share/texmf-dist/tex/latex/firstaid/underscore-ltx.sty
Package: underscore-ltx 2023/09/20 LaTeX firstaid to make underscore protected 
) (./listing-settings.tex (/usr/share/texmf-dist/tex/latex/psnfss/courier.sty
Package: courier 2020/03/25 PSNFSS-v9.3 (WaS) 
) (/usr/share/texmf-dist/tex/latex/graphics/color.sty
Package: color 2022/01/06 v1.3d Standard LaTeX Color (DPC)
 (/usr/share/texmf-dist/tex/latex/graphics-cfg/color.cfg
File: color.cfg 2016/01/02 v1.6 sample color configuration
)
Package color Info: Driver file: pdftex.def on input line 149.
 (/usr/share/texmf-dist/tex/latex/graphics/mathcolor.ltx)))
Package hyperref Info: Option `colorlinks' set `true' on input line 23.
 (/usr/share/texmf-dist/tex/latex/l3backend/l3backend-pdftex.def
File: l3backend-pdftex.def 2024-02-20 L3 backend support: PDF output (pdfTeX)
\l__color_backend_stack_int=\count285
\l__pdf_internal_box=\box55
) (aux/main.aux (aux/chapters/preparacion.aux))
\openout1 = `main.aux'.

LaTeX Font Info:    Checking defaults for OML/cmm/m/it on input line 25.
LaTeX Font Info:    ... okay on input line 25.
LaTeX Font Info:    Checking defaults for OMS/cmsy/m/n on input line 25.
LaTeX Font Info:    ... okay on input line 25.
LaTeX Font Info:    Checking defaults for OT1/cmr/m/n on input line 25.
LaTeX Font Info:    ... okay on input line 25.
LaTeX Font Info:    Checking defaults for T1/cmr/m/n on input line 25.
LaTeX Font Info:    ... okay on input line 25.
LaTeX Font Info:    Checking defaults for TS1/cmr/m/n on input line 25.
LaTeX Font Info:    ... okay on input line 25.
LaTeX Font Info:    Checking defaults for OMX/cmex/m/n on input line 25.
LaTeX Font Info:    ... okay on input line 25.
LaTeX Font Info:    Checking defaults for U/cmr/m/n on input line 25.
LaTeX Font Info:    ... okay on input line 25.
LaTeX Font Info:    Checking defaults for PD1/pdf/m/n on input line 25.
LaTeX Font Info:    ... okay on input line 25.
LaTeX Font Info:    Checking defaults for PU/pdf/m/n on input line 25.
LaTeX Font Info:    ... okay on input line 25.
 (/usr/share/texmf-dist/tex/context/base/mkii/supp-pdf.mkii
[Loading MPS to PDF converter (version 2006.09.02).]
\scratchcounter=\count286
\scratchdimen=\dimen151
\scratchbox=\box56
\nofMPsegments=\count287
\nofMParguments=\count288
\everyMPshowfont=\toks23
\MPscratchCnt=\count289
\MPscratchDim=\dimen152
\MPnumerator=\count290
\makeMPintoPDFobject=\count291
\everyMPtoPDFconversion=\toks24
) (/usr/share/texmf-dist/tex/latex/epstopdf-pkg/epstopdf-base.sty
Package: epstopdf-base 2020-01-24 v2.11 Base part for package epstopdf
Package epstopdf-base Info: Redefining graphics rule for `.eps' on input line 485.
 (/usr/share/texmf-dist/tex/latex/latexconfig/epstopdf-sys.cfg
File: epstopdf-sys.cfg 2010/07/13 v1.3 Configuration of (r)epstopdf for TeX Live
))
\c@lstlisting=\count292
Package hyperref Info: Link coloring ON on input line 25.
 (aux/main.out) (aux/main.out)
\@outlinefile=\write3
\openout3 = `main.out'.

<figures/logo.png, id=32, 1204.5pt x 586.19pt>
File: figures/logo.png Graphic file (type png)
<use figures/logo.png>
Package pdftex.def Info: figures/logo.png  used on input line 47.
(pdftex.def)             Requested size: 137.9979pt x 67.1555pt.
 [1

{/var/lib/texmf/fonts/map/pdftex/updmap/pdftex.map} <./figures/logo.png>] (aux/main.toc
LaTeX Font Info:    External font `cmex10' loaded for size
(Font)              <7> on input line 2.
LaTeX Font Info:    External font `cmex10' loaded for size
(Font)              <5> on input line 2.
)
\tf@toc=\write4
\openout4 = `main.toc'.


pdfTeX warning (ext4): destination with the same identifier (name{page.1}) has been already used, duplicate ignored
<to be read again> 
                   \relax 
l.59 \listoffigures
                    [1

] (aux/main.lof)
\tf@lof=\write5
\openout5 = `main.lof'.

 [2

]
\openout2 = `chapters/preparacion.aux'.

 (./chapters/preparacion.tex
Chapter 1.
LaTeX Font Info:    Trying to load font information for OT1+pcr on input line 7.
(/usr/share/texmf-dist/tex/latex/psnfss/ot1pcr.fd
File: ot1pcr.fd 2001/06/04 font definitions for OT1/pcr.
)
Overfull \hbox (9.46346pt too wide) in paragraph at lines 7--8
\OT1/cmr/m/n/10 er-a-tivo. El co-mando \OT1/pcr/m/n/10 sudo apt update \OT1/cmr/m/n/10 ac-tu-al-iza la lista de pa-que-tes disponibles
 []

(/usr/share/texmf-dist/tex/latex/listings/lstlang1.sty
File: lstlang1.sty 2024/02/21 1.10 listings language file
) (/usr/share/texmf-dist/tex/latex/listings/lstlang1.sty
File: lstlang1.sty 2024/02/21 1.10 listings language file
)
<figures/1.png, id=100, 1129.21875pt x 414.54875pt>
File: figures/1.png Graphic file (type png)
<use figures/1.png>
Package pdftex.def Info: figures/1.png  used on input line 15.
(pdftex.def)             Requested size: 276.00105pt x 101.3218pt.
<figures/2.png, id=101, 712.6625pt x 145.54375pt>
File: figures/2.png Graphic file (type png)
<use figures/2.png>
Package pdftex.def Info: figures/2.png  used on input line 27.
(pdftex.def)             Requested size: 276.00105pt x 56.36652pt.
 [3


{/usr/share/texmf-dist/fonts/enc/dvips/base/8r.enc} <./figures/1.png>]
<figures/3.png, id=112, 1227.58624pt x 244.915pt>
File: figures/3.png Graphic file (type png)
<use figures/3.png>
Package pdftex.def Info: figures/3.png  used on input line 39.
(pdftex.def)             Requested size: 276.00105pt x 55.06238pt.
<figures/4.png, id=113, 652.4375pt x 367.3725pt>
File: figures/4.png Graphic file (type png)
<use figures/4.png>
Package pdftex.def Info: figures/4.png  used on input line 51.
(pdftex.def)             Requested size: 276.00105pt x 155.41652pt.
<figures/5.png, id=114, 560.0925pt x 67.25125pt>
File: figures/5.png Graphic file (type png)
<use figures/5.png>
Package pdftex.def Info: figures/5.png  used on input line 63.
(pdftex.def)             Requested size: 276.00105pt x 33.14117pt.
 [4 <./figures/2.png> <./figures/3.png> <./figures/4.png>]
Overfull \hbox (45.02725pt too wide) in paragraph at lines 69--70
\OT1/cmr/m/n/10 HDFS ya est^^Sa in-sta-l-ado por de-fecto en la m^^Saquina vir-tual en la car-peta  \OT1/pcr/m/n/10 /hadoop-3.3.6\OT1/cmr/m/n/10 .
 []

<figures/6.png, id=125, 497.86pt x 75.28125pt>
File: figures/6.png Graphic file (type png)
<use figures/6.png>
Package pdftex.def Info: figures/6.png  used on input line 77.
(pdftex.def)             Requested size: 276.00105pt x 41.73448pt.
<figures/7.png, id=126, 274.02374pt x 118.4425pt>
File: figures/7.png Graphic file (type png)
<use figures/7.png>
Package pdftex.def Info: figures/7.png  used on input line 89.
(pdftex.def)             Requested size: 276.00105pt x 119.30608pt.
<figures/8.png, id=127, 611.28375pt x 57.21375pt>
File: figures/8.png Graphic file (type png)
<use figures/8.png>
Package pdftex.def Info: figures/8.png  used on input line 101.
(pdftex.def)             Requested size: 276.00105pt x 25.83237pt.
[5 <./figures/5.png> <./figures/6.png> <./figures/7.png> <./figures/8.png>]
<figures/9.png, id=138, 934.49126pt x 290.08376pt>
File: figures/9.png Graphic file (type png)
<use figures/9.png>
Package pdftex.def Info: figures/9.png  used on input line 117.
(pdftex.def)             Requested size: 276.00105pt x 85.67577pt.
 (/usr/share/texmf-dist/tex/latex/listings/lstlang1.sty
File: lstlang1.sty 2024/02/21 1.10 listings language file
)
<figures/10.png, id=139, 1246.6575pt x 262.9825pt>
File: figures/10.png Graphic file (type png)
<use figures/10.png>
Package pdftex.def Info: figures/10.png  used on input line 133.
(pdftex.def)             Requested size: 276.00105pt x 58.22148pt.
<figures/11.png, id=140, 1247.66125pt x 227.85126pt>
File: figures/11.png Graphic file (type png)
<use figures/11.png>
Package pdftex.def Info: figures/11.png  used on input line 153.
(pdftex.def)             Requested size: 276.00105pt x 50.40208pt.
 [6 <./figures/9.png> <./figures/10.png>]
<figures/12.png, id=157, 668.4975pt x 121.45375pt>
File: figures/12.png Graphic file (type png)
<use figures/12.png>
Package pdftex.def Info: figures/12.png  used on input line 165.
(pdftex.def)             Requested size: 276.00105pt x 50.14474pt.
<figures/13.png, id=158, 1135.24126pt x 180.675pt>
File: figures/13.png Graphic file (type png)
<use figures/13.png>
Package pdftex.def Info: figures/13.png  used on input line 183.
(pdftex.def)             Requested size: 276.00105pt x 43.92528pt.
<figures/14.png, id=159, 929.4725pt x 112.42pt>
File: figures/14.png Graphic file (type png)
<use figures/14.png>
Package pdftex.def Info: figures/14.png  used on input line 199.
(pdftex.def)             Requested size: 276.00105pt x 33.38145pt.
 [7 <./figures/11.png> <./figures/12.png> <./figures/13.png> <./figures/14.png>]
<figures/15.png, id=172, 1254.6875pt x 126.4725pt>
File: figures/15.png Graphic file (type png)
<use figures/15.png>
Package pdftex.def Info: figures/15.png  used on input line 211.
(pdftex.def)             Requested size: 276.00105pt x 27.82016pt.

Overfull \hbox (20.9431pt too wide) in paragraph at lines 215--216
\OT1/cmr/m/n/10 Mas-ter, en este caso el archivo es \OT1/cmr/m/it/10 /home/bigdata/spark-3.3.3-bin-hadoop3/logs/spark-
 []

LaTeX Font Info:    Trying to load font information for TS1+pcr on input line 218.
(/usr/share/texmf-dist/tex/latex/psnfss/ts1pcr.fd
File: ts1pcr.fd 2001/06/04 font definitions for TS1/pcr.
)
<figures/16.png, id=173, 1254.6875pt x 83.31125pt>
File: figures/16.png Graphic file (type png)
<use figures/16.png>
Package pdftex.def Info: figures/16.png  used on input line 223.
(pdftex.def)             Requested size: 276.00105pt x 18.32597pt.
<figures/17.png, id=174, 1251.67625pt x 597.23125pt>
File: figures/17.png Graphic file (type png)
<use figures/17.png>
Package pdftex.def Info: figures/17.png  used on input line 231.
(pdftex.def)             Requested size: 276.00105pt x 131.692pt.
<figures/18.png, id=175, 1254.6875pt x 108.405pt>
File: figures/18.png Graphic file (type png)
<use figures/18.png>
Package pdftex.def Info: figures/18.png  used on input line 243.
(pdftex.def)             Requested size: 276.00105pt x 23.84586pt.
 [8 <./figures/15.png> <./figures/16.png> <./figures/17.png>]
<figures/20.png, id=187, 444.66125pt x 89.33376pt>
File: figures/20.png Graphic file (type png)
<use figures/20.png>
Package pdftex.def Info: figures/20.png  used on input line 263.
(pdftex.def)             Requested size: 276.00105pt x 55.44905pt.
<figures/19.png, id=188, 1265.72874pt x 158.5925pt>
File: figures/19.png Graphic file (type png)
<use figures/19.png>
Package pdftex.def Info: figures/19.png  used on input line 275.
(pdftex.def)             Requested size: 276.00105pt x 34.58069pt.
<figures/21.png, id=189, 1246.6575pt x 684.5575pt>
File: figures/21.png Graphic file (type png)
<use figures/21.png>
Package pdftex.def Info: figures/21.png  used on input line 283.
(pdftex.def)             Requested size: 276.00105pt x 151.55365pt.
 [9 <./figures/18.png> <./figures/20.png> <./figures/19.png>]
Overfull \hbox (4.64813pt too wide) in paragraph at lines 289--290
\OT1/cmr/m/n/10 nos mover-e-mos a la car-peta \OT1/cmr/m/it/10 spark-3.3.3-bin-hadoop3/jars \OT1/cmr/m/n/10 y a con-tin-uaci^^Son descar-
 []

) [10 <./figures/21.png>] (aux/main.aux (aux/chapters/preparacion.aux))
 ***********
LaTeX2e <2023-11-01> patch level 1
L3 programming layer <2024-02-20>
 ***********
Package rerunfilecheck Info: File `main.out' has not changed.
(rerunfilecheck)             Checksum: 79A6668018A6F890F0EE384977C69F70;1371.
 ) 
Here is how much of TeX's memory you used:
 11312 strings out of 476076
 170549 string characters out of 5793775
 1992187 words of memory out of 5000000
 33187 multiletter control sequences out of 15000+600000
 562162 words of font info for 50 fonts, out of 8000000 for 9000
 14 hyphenation exceptions out of 8191
 75i,6n,79p,438b,1390s stack positions out of 10000i,1000n,20000p,200000b,200000s
</usr/share/texmf-dist/fonts/type1/public/amsfonts/cm/cmbx10.pfb></usr/share/texmf-dist/fonts/type1/public/amsfonts/cm/cmbx12.pfb></usr/share/texmf-dist/fonts/type1/public/amsfonts/cm/cmr10.pfb></usr/share/texmf-dist/fonts/type1/public/amsfonts/cm/cmr12.pfb></usr/share/texmf-dist/fonts/type1/public/amsfonts/cm/cmr5.pfb></usr/share/texmf-dist/fonts/type1/public/amsfonts/cm/cmti10.pfb></usr/share/texmf-dist/fonts/type1/urw/courier/ucrr8a.pfb>
Output written on aux/main.pdf (11 pages, 1202829 bytes).
PDF statistics:
 265 PDF objects out of 1000 (max. 8388607)
 213 compressed objects within 3 object streams
 93 named destinations out of 1000 (max. 500000)
 167 words of extra memory for PDF output out of 10000 (max. 10000000)

